{
  "RSpec": {
    "coverage": {
      "/Users/srinjoy/Desktop/dev/booking-system/config/environment.rb": [
        null,
        1,
        null,
        null,
        1
      ],
      "/Users/srinjoy/Desktop/dev/booking-system/config/application.rb": [
        1,
        null,
        1,
        null,
        1,
        1,
        1,
        1,
        1,
        1,
        1,
        null,
        1,
        null,
        null,
        null,
        1,
        null,
        1,
        1,
        1,
        null,
        1,
        null,
        null,
        null,
        null,
        null,
        null,
        null,
        null,
        1,
        null,
        null
      ],
      "/Users/srinjoy/Desktop/dev/booking-system/config/boot.rb": [
        1,
        null,
        1
      ],
      "/Users/srinjoy/Desktop/dev/booking-system/config/environments/test.rb": [
        1,
        null,
        1,
        null,
        null,
        null,
        null,
        1,
        null,
        null,
        null,
        null,
        1,
        null,
        null,
        1,
        1,
        null,
        null,
        null,
        null,
        1,
        1,
        null,
        null,
        1,
        null,
        null,
        1,
        1,
        null,
        null,
        null,
        null,
        1,
        null,
        null,
        1,
        null,
        null,
        null,
        null
      ],
      "/Users/srinjoy/Desktop/dev/booking-system/config/initializers/application_controller_renderer.rb": [
        null,
        null,
        null,
        null,
        null,
        null
      ],
      "/Users/srinjoy/Desktop/dev/booking-system/config/initializers/backtrace_silencers.rb": [
        null,
        null,
        null,
        null,
        null,
        null,
        null
      ],
      "/Users/srinjoy/Desktop/dev/booking-system/config/initializers/cors.rb": [
        null,
        null,
        null,
        null,
        null,
        null,
        null,
        null,
        null,
        null,
        null,
        null,
        null,
        null,
        null,
        null
      ],
      "/Users/srinjoy/Desktop/dev/booking-system/config/initializers/filter_parameter_logging.rb": [
        null,
        null,
        null,
        1
      ],
      "/Users/srinjoy/Desktop/dev/booking-system/config/initializers/inflections.rb": [
        null,
        null,
        null,
        null,
        null,
        null,
        null,
        null,
        null,
        null,
        null,
        null,
        null,
        null,
        null,
        null
      ],
      "/Users/srinjoy/Desktop/dev/booking-system/config/initializers/mime_types.rb": [
        null,
        null,
        null,
        null
      ],
      "/Users/srinjoy/Desktop/dev/booking-system/config/initializers/rails_admin.rb": [
        1,
        null,
        null,
        null,
        null,
        null,
        null,
        null,
        null,
        null,
        null,
        null,
        null,
        null,
        null,
        null,
        null,
        null,
        null,
        null,
        null,
        null,
        null,
        null,
        null,
        1,
        1,
        1,
        1,
        1,
        1,
        1,
        1,
        1,
        1,
        null,
        null,
        null,
        null,
        null,
        null
      ],
      "/Users/srinjoy/Desktop/dev/booking-system/config/initializers/wrap_parameters.rb": [
        null,
        null,
        null,
        null,
        null,
        null,
        1,
        2,
        null,
        null,
        null,
        null,
        null,
        null
      ],
      "/Users/srinjoy/Desktop/dev/booking-system/config/routes.rb": [
        1,
        1,
        null,
        1,
        1,
        1,
        1,
        1,
        null,
        null,
        1,
        1,
        null,
        1,
        1,
        null
      ],
      "/Users/srinjoy/Desktop/dev/booking-system/spec/support/shoulda.rb": [
        1,
        1,
        null,
        1,
        null,
        null,
        1,
        null,
        null
      ],
      "/Users/srinjoy/Desktop/dev/booking-system/spec/support/database_cleaner.rb": [
        1,
        1,
        1,
        1,
        null,
        null,
        1,
        47,
        47,
        null,
        null,
        null
      ],
      "/Users/srinjoy/Desktop/dev/booking-system/spec/factories/factories.rb": [
        1,
        1,
        null,
        1,
        1,
        1,
        null,
        null,
        1,
        1,
        1,
        1,
        null,
        null,
        1,
        1,
        1,
        3,
        null,
        null,
        1,
        1,
        1,
        1,
        3,
        null,
        null,
        1,
        1,
        1,
        2,
        2,
        2,
        2,
        null,
        null
      ],
      "/Users/srinjoy/Desktop/dev/booking-system/app/controllers/guests_controller.rb": [
        1,
        1,
        null,
        null,
        1,
        1,
        null,
        1,
        null,
        null,
        null,
        1,
        1,
        null,
        null,
        null,
        1,
        4,
        null,
        4,
        1,
        null,
        3,
        null,
        null,
        null,
        null,
        1,
        2,
        1,
        null,
        1,
        null,
        null,
        null,
        null,
        1,
        1,
        null,
        null,
        1,
        null,
        1,
        5,
        null,
        null,
        null,
        1,
        6,
        null,
        null
      ],
      "/Users/srinjoy/Desktop/dev/booking-system/app/controllers/application_controller.rb": [
        1,
        1,
        1,
        null,
        1,
        0,
        null,
        null,
        1,
        2,
        null,
        null,
        null
      ],
      "/Users/srinjoy/Desktop/dev/booking-system/spec/controllers/reservations_controller_spec.rb": [
        1,
        1,
        null,
        null,
        null,
        1,
        null,
        1,
        6,
        null,
        null,
        null,
        6,
        null,
        null,
        null,
        null,
        6,
        null,
        null,
        null,
        null,
        null,
        6,
        null,
        null,
        null,
        null,
        null,
        6,
        null,
        null,
        null,
        null,
        null,
        null,
        null,
        null,
        null,
        1,
        1,
        1,
        null,
        null,
        null,
        null,
        null,
        null,
        null,
        null,
        null,
        1,
        1,
        1,
        1,
        null,
        null,
        null,
        1,
        1,
        1,
        null,
        null,
        null,
        null,
        null,
        null,
        null,
        null,
        null,
        1,
        1,
        1,
        1,
        null,
        1,
        1,
        null,
        null,
        null,
        null,
        null,
        null,
        null,
        null,
        null,
        1,
        1,
        1,
        1,
        null,
        null,
        1,
        1,
        null,
        null,
        null,
        null,
        null,
        null,
        null,
        null,
        null,
        1,
        1,
        1,
        null,
        null,
        1,
        1,
        null,
        null,
        null,
        null,
        null,
        null,
        null,
        null,
        null,
        1,
        1,
        1,
        null,
        null,
        1,
        1,
        null,
        null,
        null,
        null,
        null,
        null,
        null,
        null,
        null,
        1,
        1,
        1,
        null,
        null,
        null,
        null,
        null,
        null,
        1,
        null,
        1,
        7,
        null,
        null,
        null,
        7,
        null,
        null,
        null,
        null,
        7,
        null,
        null,
        null,
        null,
        null,
        7,
        null,
        null,
        null,
        null,
        null,
        7,
        null,
        null,
        null,
        null,
        null,
        7,
        null,
        null,
        null,
        null,
        null,
        7,
        null,
        null,
        null,
        null,
        null,
        null,
        null,
        7,
        null,
        null,
        null,
        null,
        null,
        null,
        null,
        null,
        null,
        1,
        1,
        1,
        null,
        null,
        null,
        null,
        null,
        1,
        1,
        null,
        1,
        1,
        null,
        null,
        null,
        null,
        null,
        1,
        1,
        null,
        1,
        1,
        null,
        null,
        null,
        null,
        null,
        null,
        1,
        1,
        null,
        null,
        1,
        1,
        null,
        null,
        null,
        null,
        null,
        1,
        1,
        null,
        null,
        null,
        1,
        1,
        1,
        null,
        null,
        null,
        null,
        null,
        1,
        1,
        null,
        1,
        1,
        null,
        null,
        null,
        null,
        null,
        1,
        1,
        null,
        1,
        1,
        null,
        null,
        null,
        null,
        null,
        null,
        1,
        1,
        null,
        null,
        null,
        null,
        null,
        null,
        null,
        null,
        1,
        1,
        13,
        null
      ],
      "/Users/srinjoy/Desktop/dev/booking-system/app/controllers/reservations_controller.rb": [
        1,
        1,
        1,
        null,
        1,
        0,
        0,
        null,
        null,
        null,
        1,
        0,
        0,
        null,
        null,
        null,
        null,
        0,
        null,
        null,
        null,
        1,
        0,
        null,
        null,
        null,
        1,
        null,
        6,
        6,
        6,
        5,
        5,
        0,
        null,
        5,
        5,
        2,
        2,
        null,
        null,
        null,
        3,
        0,
        0,
        null,
        null,
        3,
        3,
        2,
        2,
        null,
        null,
        1,
        null,
        null,
        null,
        null,
        null,
        null,
        null,
        1,
        1,
        1,
        1,
        null,
        0,
        null,
        null,
        null,
        1,
        null,
        0,
        0,
        0,
        0,
        0,
        0,
        0,
        null,
        null,
        0,
        0,
        0,
        0,
        null,
        null,
        0,
        null,
        null,
        null,
        null,
        null,
        null,
        null,
        0,
        0,
        0,
        0,
        null,
        0,
        null,
        null,
        null,
        null,
        null,
        1,
        7,
        7,
        4,
        null,
        3,
        null,
        null,
        null,
        null,
        1,
        0,
        null,
        null,
        1,
        null,
        1,
        7,
        null,
        null,
        1,
        0,
        null,
        null,
        1,
        0,
        null,
        null,
        1,
        7,
        null,
        null,
        1,
        6,
        null,
        null,
        1,
        0,
        0,
        0,
        null,
        null,
        0,
        null,
        null,
        null,
        null
      ],
      "/Users/srinjoy/Desktop/dev/booking-system/spec/controllers/static_controller_spec.rb": [
        1,
        null,
        1,
        null,
        null
      ],
      "/Users/srinjoy/Desktop/dev/booking-system/app/controllers/static_controller.rb": [
        1,
        1,
        0,
        null,
        null
      ],
      "/Users/srinjoy/Desktop/dev/booking-system/spec/mailers/reservation_mailer_spec.rb": [
        1,
        null,
        1,
        1,
        null
      ],
      "/Users/srinjoy/Desktop/dev/booking-system/app/mailers/reservation_mailer.rb": [
        1,
        1,
        1,
        null,
        1,
        1,
        1,
        1,
        1,
        1,
        null,
        null
      ],
      "/Users/srinjoy/Desktop/dev/booking-system/app/mailers/application_mailer.rb": [
        1,
        1,
        1,
        null
      ],
      "/Users/srinjoy/Desktop/dev/booking-system/spec/models/guest_spec.rb": [
        1,
        null,
        1,
        null,
        1,
        1,
        null,
        null,
        1,
        2,
        2,
        2,
        null,
        null
      ],
      "/Users/srinjoy/Desktop/dev/booking-system/app/models/guest.rb": [
        1,
        1,
        1,
        null
      ],
      "/Users/srinjoy/Desktop/dev/booking-system/app/models/application_record.rb": [
        1,
        1,
        null
      ],
      "/Users/srinjoy/Desktop/dev/booking-system/spec/models/reservations_spec.rb": [
        1,
        null,
        1,
        null,
        1,
        1,
        null,
        null,
        1,
        2,
        2,
        2,
        2,
        2,
        null,
        null
      ],
      "/Users/srinjoy/Desktop/dev/booking-system/app/models/reservation.rb": [
        1,
        null,
        1,
        1,
        1,
        1,
        1,
        1,
        null,
        1,
        1,
        null,
        1,
        1,
        1,
        null,
        1,
        null,
        0,
        0,
        null,
        null,
        null,
        0,
        0,
        null,
        0,
        null,
        null,
        1,
        1,
        null,
        null,
        null,
        null,
        null,
        null,
        null,
        1,
        null,
        null,
        null,
        null,
        6,
        null,
        null,
        1,
        null,
        1,
        29,
        null,
        null,
        1,
        7,
        7,
        7,
        null,
        7,
        2,
        2,
        1,
        1,
        null,
        null,
        null,
        6,
        1,
        1,
        1,
        0,
        0,
        null,
        null,
        null,
        6,
        2,
        2,
        2,
        1,
        1,
        null,
        null,
        null,
        5,
        3,
        null,
        null,
        null,
        null,
        null,
        3,
        3,
        3,
        1,
        1,
        null,
        null,
        null,
        null,
        null,
        null,
        1,
        null,
        null,
        null,
        null
      ],
      "/Users/srinjoy/Desktop/dev/booking-system/spec/models/restaurant_shift_spec.rb": [
        1,
        null,
        1,
        null,
        1,
        1,
        null,
        null,
        1,
        2,
        2,
        2,
        2,
        null,
        null
      ],
      "/Users/srinjoy/Desktop/dev/booking-system/app/models/restaurant_shift.rb": [
        1,
        1,
        null,
        1,
        1,
        1,
        null,
        null,
        1,
        2,
        2,
        2,
        null,
        null,
        null,
        1,
        1,
        22,
        null,
        null
      ],
      "/Users/srinjoy/Desktop/dev/booking-system/spec/models/restaurant_spec.rb": [
        1,
        null,
        1,
        null,
        1,
        1,
        null,
        null,
        1,
        2,
        2,
        2,
        2,
        null,
        null
      ],
      "/Users/srinjoy/Desktop/dev/booking-system/app/models/restaurant.rb": [
        1,
        1,
        1,
        1,
        1,
        1,
        null,
        null,
        1,
        8,
        8,
        null,
        null,
        null
      ],
      "/Users/srinjoy/Desktop/dev/booking-system/spec/models/restaurant_table_spec.rb": [
        1,
        null,
        1,
        null,
        1,
        1,
        null,
        null,
        1,
        2,
        2,
        2,
        null,
        null
      ],
      "/Users/srinjoy/Desktop/dev/booking-system/app/models/restaurant_table.rb": [
        1,
        1,
        null,
        1,
        1,
        1,
        null,
        null,
        1,
        7,
        2,
        2,
        null,
        5,
        1,
        1,
        null,
        4,
        null,
        null,
        1,
        1,
        22,
        null,
        null
      ],
      "/Users/srinjoy/Desktop/dev/booking-system/app/models/reserved_table.rb": [
        1,
        1,
        1,
        1,
        null
      ]
    },
    "timestamp": 1522726726
  }
}
